<html>
<head>
<title>TestNG:  Test7</title>
<link href="../testng.css" rel="stylesheet" type="text/css" />
<link href="../my-testng.css" rel="stylesheet" type="text/css" />

<style type="text/css">
.log { display: none;} 
.stack-trace { display: none;} 
</style>
<script type="text/javascript">
<!--
function flip(e) {
  current = e.style.display;
  if (current == 'block') {
    e.style.display = 'none';
    return 0;
  }
  else {
    e.style.display = 'block';
    return 1;
  }
}

function toggleBox(szDivId, elem, msg1, msg2)
{
  var res = -1;  if (document.getElementById) {
    res = flip(document.getElementById(szDivId));
  }
  else if (document.all) {
    // this is the way old msie versions work
    res = flip(document.all[szDivId]);
  }
  if(elem) {
    if(res == 0) elem.innerHTML = msg1; else elem.innerHTML = msg2;
  }

}

function toggleAllBoxes() {
  if (document.getElementsByTagName) {
    d = document.getElementsByTagName('div');
    for (i = 0; i < d.length; i++) {
      if (d[i].className == 'log') {
        flip(d[i]);
      }
    }
  }
}

// -->
</script>

</head>
<body>
<h2 align='center'>Test7</h2><table border='1' align="center">
<tr>
<td>Tests passed/Failed/Skipped:</td><td>9/1/0</td>
</tr><tr>
<td>Started on:</td><td>Tue Dec 26 17:44:01 IST 2023</td>
</tr>
<tr><td>Total time:</td><td>1182 seconds (1182384 ms)</td>
</tr><tr>
<td>Included groups:</td><td></td>
</tr><tr>
<td>Excluded groups:</td><td></td>
</tr>
</table><p/>
<small><i>(Hover the method name to see the test class name)</i></small><p/>
<table width='100%' border='1' class='invocation-failed'>
<tr><td colspan='4' align='center'><b>FAILED TESTS</b></td></tr>
<tr><td><b>Test method</b></td>
<td><b>Attribute(s)</b></td>
<td width="30%"><b>Exception</b></td>
<td width="10%"><b>Time (seconds)</b></td>
<td><b>Instance</b></td>
</tr>
<tr>
<td title='cuesz.logictest.advocate.Case38_MSL_Notificationtest.advocatelogicmemberTest()'><b>advocatelogicmemberTest</b><br>Test class: cuesz.logictest.advocate.Case38_MSL_Notificationtest</td>
<td><div><pre>org.openqa.selenium.StaleElementReferenceException: stale element reference: stale element not found
  (Session info: chrome=120.0.6099.109)
For documentation on this error, please visit: https://www.selenium.dev/documentation/webdriver/troubleshooting/errors#stale-element-reference-exception
Build info: version: &apos;4.16.1&apos;, revision: &apos;9b4c83354e&apos;
System info: os.name: &apos;Mac OS X&apos;, os.arch: &apos;x86_64&apos;, os.version: &apos;14.0&apos;, java.version: &apos;21&apos;
Driver info: org.openqa.selenium.chrome.ChromeDriver
Command: [8a595927baa0712f533e2efeee1a9502, isElementDisplayed {id=108E04664398A5966884037DC7D6B47E_element_446}]
Capabilities {acceptInsecureCerts: false, browserName: chrome, browserVersion: 120.0.6099.109, chrome: {chromedriverVersion: 119.0.6045.105 (38c72552c5e..., userDataDir: /var/folders/10/ksb8skmx6tj...}, fedcm:accounts: true, goog:chromeOptions: {debuggerAddress: localhost:64504}, networkConnectionEnabled: false, pageLoadStrategy: normal, platformName: mac, proxy: Proxy(), setWindowRect: true, strictFileInteractability: false, timeouts: {implicit: 0, pageLoad: 300000, script: 30000}, unhandledPromptBehavior: dismiss and notify, webauthn:extension:credBlob: true, webauthn:extension:largeBlob: true, webauthn:extension:minPinLength: true, webauthn:extension:prf: true, webauthn:virtualAuthenticators: true}
Element: [[ChromeDriver: chrome on mac (8a595927baa0712f533e2efeee1a9502)] -&gt; xpath: //h4[@class=&apos;orange&apos; and text()=&apos;Current Week&apos;]]
Session ID: 8a595927baa0712f533e2efeee1a9502
	at org.openqa.selenium.remote.codec.w3c.W3CHttpResponseCodec.createException(W3CHttpResponseCodec.java:200)
	at org.openqa.selenium.remote.codec.w3c.W3CHttpResponseCodec.decode(W3CHttpResponseCodec.java:133)
	at org.openqa.selenium.remote.codec.w3c.W3CHttpResponseCodec.decode(W3CHttpResponseCodec.java:52)
	at org.openqa.selenium.remote.HttpCommandExecutor.execute(HttpCommandExecutor.java:191)
	at org.openqa.selenium.remote.service.DriverCommandExecutor.invokeExecute(DriverCommandExecutor.java:196)
	at org.openqa.selenium.remote.service.DriverCommandExecutor.execute(DriverCommandExecutor.java:171)
	at org.openqa.selenium.remote.RemoteWebDriver.execute(RemoteWebDriver.java:602)
	at org.openqa.selenium.remote.RemoteWebElement.execute(RemoteWebElement.java:224)
	at org.openqa.selenium.remote.RemoteWebElement.isDisplayed(RemoteWebElement.java:283)
	at cuesz.logicpage.Case38_MSL_Notification.Notificationnotes(Case38_MSL_Notification.java:65)
	at cuesz.logictest.advocate.Case38_MSL_Notificationtest.advocatelogicmemberTest(Case38_MSL_Notificationtest.java:62)
	at java.base/java.util.ArrayList.forEach(ArrayList.java:1596)
... Removed 32 stack frames</pre></div><a href='#' onClick='toggleBox("stack-trace2040301400", this, "Click to show all stack frames", "Click to hide stack frames")'>Click to show all stack frames</a>
<div class='stack-trace' id='stack-trace2040301400'><pre>org.openqa.selenium.StaleElementReferenceException: stale element reference: stale element not found
  (Session info: chrome=120.0.6099.109)
For documentation on this error, please visit: https://www.selenium.dev/documentation/webdriver/troubleshooting/errors#stale-element-reference-exception
Build info: version: &apos;4.16.1&apos;, revision: &apos;9b4c83354e&apos;
System info: os.name: &apos;Mac OS X&apos;, os.arch: &apos;x86_64&apos;, os.version: &apos;14.0&apos;, java.version: &apos;21&apos;
Driver info: org.openqa.selenium.chrome.ChromeDriver
Command: [8a595927baa0712f533e2efeee1a9502, isElementDisplayed {id=108E04664398A5966884037DC7D6B47E_element_446}]
Capabilities {acceptInsecureCerts: false, browserName: chrome, browserVersion: 120.0.6099.109, chrome: {chromedriverVersion: 119.0.6045.105 (38c72552c5e..., userDataDir: /var/folders/10/ksb8skmx6tj...}, fedcm:accounts: true, goog:chromeOptions: {debuggerAddress: localhost:64504}, networkConnectionEnabled: false, pageLoadStrategy: normal, platformName: mac, proxy: Proxy(), setWindowRect: true, strictFileInteractability: false, timeouts: {implicit: 0, pageLoad: 300000, script: 30000}, unhandledPromptBehavior: dismiss and notify, webauthn:extension:credBlob: true, webauthn:extension:largeBlob: true, webauthn:extension:minPinLength: true, webauthn:extension:prf: true, webauthn:virtualAuthenticators: true}
Element: [[ChromeDriver: chrome on mac (8a595927baa0712f533e2efeee1a9502)] -&gt; xpath: //h4[@class=&apos;orange&apos; and text()=&apos;Current Week&apos;]]
Session ID: 8a595927baa0712f533e2efeee1a9502
	at java.base/jdk.internal.reflect.DirectConstructorHandleAccessor.newInstance(DirectConstructorHandleAccessor.java:62)
	at java.base/java.lang.reflect.Constructor.newInstanceWithCaller(Constructor.java:502)
	at java.base/java.lang.reflect.Constructor.newInstance(Constructor.java:486)
	at org.openqa.selenium.remote.codec.w3c.W3CHttpResponseCodec.createException(W3CHttpResponseCodec.java:200)
	at org.openqa.selenium.remote.codec.w3c.W3CHttpResponseCodec.decode(W3CHttpResponseCodec.java:133)
	at org.openqa.selenium.remote.codec.w3c.W3CHttpResponseCodec.decode(W3CHttpResponseCodec.java:52)
	at org.openqa.selenium.remote.HttpCommandExecutor.execute(HttpCommandExecutor.java:191)
	at org.openqa.selenium.remote.service.DriverCommandExecutor.invokeExecute(DriverCommandExecutor.java:196)
	at org.openqa.selenium.remote.service.DriverCommandExecutor.execute(DriverCommandExecutor.java:171)
	at org.openqa.selenium.remote.RemoteWebDriver.execute(RemoteWebDriver.java:602)
	at org.openqa.selenium.remote.RemoteWebElement.execute(RemoteWebElement.java:224)
	at org.openqa.selenium.remote.RemoteWebElement.isDisplayed(RemoteWebElement.java:283)
	at cuesz.logicpage.Case38_MSL_Notification.Notificationnotes(Case38_MSL_Notification.java:65)
	at cuesz.logictest.advocate.Case38_MSL_Notificationtest.advocatelogicmemberTest(Case38_MSL_Notificationtest.java:62)
	at java.base/jdk.internal.reflect.DirectMethodHandleAccessor.invoke(DirectMethodHandleAccessor.java:103)
	at java.base/java.lang.reflect.Method.invoke(Method.java:580)
	at org.testng.internal.invokers.MethodInvocationHelper.invokeMethod(MethodInvocationHelper.java:139)
	at org.testng.internal.invokers.TestInvoker.invokeMethod(TestInvoker.java:664)
	at org.testng.internal.invokers.TestInvoker.invokeTestMethod(TestInvoker.java:227)
	at org.testng.internal.invokers.MethodRunner.runInSequence(MethodRunner.java:50)
	at org.testng.internal.invokers.TestInvoker$MethodInvocationAgent.invoke(TestInvoker.java:957)
	at org.testng.internal.invokers.TestInvoker.invokeTestMethods(TestInvoker.java:200)
	at org.testng.internal.invokers.TestMethodWorker.invokeTestMethods(TestMethodWorker.java:148)
	at org.testng.internal.invokers.TestMethodWorker.run(TestMethodWorker.java:128)
	at java.base/java.util.ArrayList.forEach(ArrayList.java:1596)
	at org.testng.TestRunner.privateRun(TestRunner.java:848)
	at org.testng.TestRunner.run(TestRunner.java:621)
	at org.testng.SuiteRunner.runTest(SuiteRunner.java:443)
	at org.testng.SuiteRunner.runSequentially(SuiteRunner.java:437)
	at org.testng.SuiteRunner.privateRun(SuiteRunner.java:397)
	at org.testng.SuiteRunner.run(SuiteRunner.java:336)
	at org.testng.SuiteRunnerWorker.runSuite(SuiteRunnerWorker.java:52)
	at org.testng.SuiteRunnerWorker.run(SuiteRunnerWorker.java:95)
	at org.testng.TestNG.runSuitesSequentially(TestNG.java:1280)
	at org.testng.TestNG.runSuitesLocally(TestNG.java:1200)
	at org.testng.TestNG.runSuites(TestNG.java:1114)
	at org.testng.TestNG.run(TestNG.java:1082)
	at org.apache.maven.surefire.testng.TestNGExecutor.run(TestNGExecutor.java:308)
	at org.apache.maven.surefire.testng.TestNGXmlTestSuite.execute(TestNGXmlTestSuite.java:71)
	at org.apache.maven.surefire.testng.TestNGProvider.invoke(TestNGProvider.java:113)
	at org.apache.maven.surefire.booter.ForkedBooter.runSuitesInProcess(ForkedBooter.java:385)
	at org.apache.maven.surefire.booter.ForkedBooter.execute(ForkedBooter.java:162)
	at org.apache.maven.surefire.booter.ForkedBooter.run(ForkedBooter.java:507)
	at org.apache.maven.surefire.booter.ForkedBooter.main(ForkedBooter.java:495)
</pre></div></td>
<td>31</td>
<td>cuesz.logictest.advocate.Case38_MSL_Notificationtest@750e2b97</td></tr>
</table><p>
<table width='100%' border='1' class='invocation-passed'>
<tr><td colspan='4' align='center'><b>PASSED TESTS</b></td></tr>
<tr><td><b>Test method</b></td>
<td><b>Attribute(s)</b></td>
<td width="30%"><b>Exception</b></td>
<td width="10%"><b>Time (seconds)</b></td>
<td><b>Instance</b></td>
</tr>
<tr>
<td title='cuesz.logictest.advocate.Case42_MSL_Performtest.advocatelogicmemberTest()'><b>advocatelogicmemberTest</b><br>Test class: cuesz.logictest.advocate.Case42_MSL_Performtest</td>
<td></td>
<td>101</td>
<td>cuesz.logictest.advocate.Case42_MSL_Performtest@3e27aa33</td></tr>
<tr>
<td title='cuesz.logictest.advocate.Case45_MSL_restoretest.advocatelogicmemberTest()'><b>advocatelogicmemberTest</b><br>Test class: cuesz.logictest.advocate.Case45_MSL_restoretest</td>
<td></td>
<td>150</td>
<td>cuesz.logictest.advocate.Case45_MSL_restoretest@2a7f1f10</td></tr>
<tr>
<td title='cuesz.logictest.advocate.Case37_MSL_Habbitsnotestest.advocatelogicmemberTest()'><b>advocatelogicmemberTest</b><br>Test class: cuesz.logictest.advocate.Case37_MSL_Habbitsnotestest</td>
<td></td>
<td>94</td>
<td>cuesz.logictest.advocate.Case37_MSL_Habbitsnotestest@3646a422</td></tr>
<tr>
<td title='cuesz.logictest.advocate.Case34_MSL_MemberBasicinfotest.advocatelogicmemberTest()'><b>advocatelogicmemberTest</b><br>Test class: cuesz.logictest.advocate.Case34_MSL_MemberBasicinfotest</td>
<td></td>
<td>62</td>
<td>cuesz.logictest.advocate.Case34_MSL_MemberBasicinfotest@1a6d8329</td></tr>
<tr>
<td title='cuesz.logictest.advocate.Case35_MSL_MemberWilingnessLimitationScoretest.advocatelogicmemberTest()'><b>advocatelogicmemberTest</b><br>Test class: cuesz.logictest.advocate.Case35_MSL_MemberWilingnessLimitationScoretest</td>
<td></td>
<td>42</td>
<td>cuesz.logictest.advocate.Case35_MSL_MemberWilingnessLimitationScoretest@2892d68</td></tr>
<tr>
<td title='cuesz.logictest.advocate.Case43_1_MSL_Fuelperformtest.advocatelogicmemberTest()'><b>advocatelogicmemberTest</b><br>Test class: cuesz.logictest.advocate.Case43_1_MSL_Fuelperformtest</td>
<td></td>
<td>145</td>
<td>cuesz.logictest.advocate.Case43_1_MSL_Fuelperformtest@2ddc9a9f</td></tr>
<tr>
<td title='cuesz.logictest.advocate.Case44_MSL_Mindfultest.advocatelogicmemberTest()'><b>advocatelogicmemberTest</b><br>Test class: cuesz.logictest.advocate.Case44_MSL_Mindfultest</td>
<td></td>
<td>101</td>
<td>cuesz.logictest.advocate.Case44_MSL_Mindfultest@298a5e20</td></tr>
<tr>
<td title='cuesz.logictest.advocate.Case43_MSL_Fueltest.advocatelogicmemberTest()'><b>advocatelogicmemberTest</b><br>Test class: cuesz.logictest.advocate.Case43_MSL_Fueltest</td>
<td></td>
<td>327</td>
<td>cuesz.logictest.advocate.Case43_MSL_Fueltest@2e385cce</td></tr>
<tr>
<td title='cuesz.logictest.advocate.Case36_MSL_Staffnotestest.advocatelogicmemberTest()'><b>advocatelogicmemberTest</b><br>Test class: cuesz.logictest.advocate.Case36_MSL_Staffnotestest</td>
<td></td>
<td>74</td>
<td>cuesz.logictest.advocate.Case36_MSL_Staffnotestest@5ab956d7</td></tr>
</table><p>
</body>
</html>